<?xml version="1.0" encoding="UTF-8"?>
<!-- Generated by org.testng.reporters.JUnitReportReporter -->
<testsuite hostname="LTIN689550" failures="0" tests="10" name="runner.TestRunner" time="56.626" errors="0" timestamp="2026-03-16T14:43:48 IST" skipped="0">
  <testcase classname="runner.TestRunner" name="runScenario" time="5.246"/>
  <testcase classname="runner.TestRunner" name="runScenario" time="5.687"/>
  <testcase classname="runner.TestRunner" name="runScenario" time="4.930"/>
  <testcase classname="runner.TestRunner" name="runScenario" time="5.639"/>
  <testcase classname="runner.TestRunner" name="runScenario" time="5.351"/>
  <testcase classname="runner.TestRunner" name="runScenario" time="5.202"/>
  <testcase classname="runner.TestRunner" name="runScenario" time="8.838"/>
  <testcase classname="runner.TestRunner" name="runScenario" time="5.163"/>
  <testcase classname="runner.TestRunner" name="runScenario" time="4.739"/>
  <testcase classname="runner.TestRunner" name="runScenario" time="5.831"/>
</testsuite> <!-- runner.TestRunner -->
